current directory: /Users/ziyuguo/Desktop/Desktop-MacBookPro/Homepage/JoeYing1019.github.io-main/vendor/bundle/ruby/2.6.0/gems/unf_ext-0.0.7.7/ext/unf_ext
/System/Library/Frameworks/Ruby.framework/Versions/2.6/usr/bin/ruby -I /System/Library/Frameworks/Ruby.framework/Versions/2.6/usr/lib/ruby/2.6.0 -r ./siteconf20251121-32569-15vffzh.rb extconf.rb
checking for -lstdc++... yes
creating Makefile

current directory: /Users/ziyuguo/Desktop/Desktop-MacBookPro/Homepage/JoeYing1019.github.io-main/vendor/bundle/ruby/2.6.0/gems/unf_ext-0.0.7.7/ext/unf_ext
make "DESTDIR=" clean

current directory: /Users/ziyuguo/Desktop/Desktop-MacBookPro/Homepage/JoeYing1019.github.io-main/vendor/bundle/ruby/2.6.0/gems/unf_ext-0.0.7.7/ext/unf_ext
make "DESTDIR="
compiling unf.cc
In file included from unf.cc:1:
./unf/normalizer.hh:4:10: fatal error: 'vector' file not found
    4 | #include <vector>
      |          ^~~~~~~~
1 error generated.
make: *** [unf.o] Error 1

make failed, exit code 2
